<?xml version="1.0" encoding="UTF-8"?>
<!-- Generated by org.testng.reporters.JUnitReportReporter -->
<testsuite skipped="0" hostname="DESKTOP-42DC3N1" name="seleniumPractice.EndTOEndProject.HomePage" tests="2" failures="0" timestamp="2021-11-19T22:34:24 IST" time="6.963" errors="0">
  <testcase name="basePageNavigation" time="4.177" classname="seleniumPractice.EndTOEndProject.HomePage"/>
  <system-out/>
  <testcase name="basePageNavigation" time="2.786" classname="seleniumPractice.EndTOEndProject.HomePage"/>
  <system-out/>
</testsuite> <!-- seleniumPractice.EndTOEndProject.HomePage -->
