<?xml version="1.0" encoding="UTF-8"?>
<!-- Generated by org.testng.reporters.JUnitReportReporter -->
<testsuite skipped="0" hostname="DESKTOP-42DC3N1" name="seleniumPractice.EndTOEndProject.ValidateNavigationBar" tests="1" failures="0" timestamp="2021-11-19T22:34:24 IST" time="0.077" errors="0">
  <testcase name="basePageNavigation" time="0.077" classname="seleniumPractice.EndTOEndProject.ValidateNavigationBar"/>
  <system-out/>
</testsuite> <!-- seleniumPractice.EndTOEndProject.ValidateNavigationBar -->
