<?xml version="1.0" encoding="UTF-8"?>
<!-- Generated by org.testng.reporters.JUnitReportReporter -->
<testsuite skipped="0" hostname="DESKTOP-42DC3N1" name="seleniumPractice.EndTOEndProject.ValidateTitle" tests="2" failures="0" timestamp="2021-11-19T22:34:24 IST" time="0.107" errors="0">
  <testcase name="validationHeaderTitle" time="0.065" classname="seleniumPractice.EndTOEndProject.ValidateTitle"/>
  <system-out/>
  <testcase name="validationMoneyGuaranteeTitle" time="0.042" classname="seleniumPractice.EndTOEndProject.ValidateTitle"/>
  <system-out/>
</testsuite> <!-- seleniumPractice.EndTOEndProject.ValidateTitle -->
