<?xml version="1.0" encoding="UTF-8"?>
<!-- Generated by org.testng.reporters.JUnitReportReporter -->
<testsuite hostname="DESKTOP-42DC3N1" failures="0" tests="1" name="seleniumPractice.EndTOEndProject.ValidateNavigationBar" time="0.085" errors="0" timestamp="2021-11-19T01:18:21 IST" skipped="0">
  <testcase classname="seleniumPractice.EndTOEndProject.ValidateNavigationBar" name="basePageNavigation" time="0.085"/>
  <system-out/>
</testsuite> <!-- seleniumPractice.EndTOEndProject.ValidateNavigationBar -->
