<?xml version="1.0" encoding="UTF-8"?>
<!-- Generated by org.testng.reporters.JUnitReportReporter -->
<testsuite hostname="DESKTOP-42DC3N1" failures="0" tests="2" name="seleniumPractice.EndTOEndProject.HomePage" time="7.260" errors="0" timestamp="2021-11-19T01:18:21 IST" skipped="0">
  <testcase classname="seleniumPractice.EndTOEndProject.HomePage" name="basePageNavigation" time="2.299"/>
  <system-out/>
  <testcase classname="seleniumPractice.EndTOEndProject.HomePage" name="basePageNavigation" time="4.961"/>
  <system-out/>
</testsuite> <!-- seleniumPractice.EndTOEndProject.HomePage -->
